// 重构日志: f257a5d8
// 重构日志: c92e6d37
// 重构日志: 72c80f33
// 重构日志: 13289fa2
// 同步 ID: ddf14475 @ Mon Jun 29 21:38:22 UTC 2026
// 重构日志: 61a596fb
// 同步 ID: 6b796461 @ Sat Jul  4 12:16:02 UTC 2026
// 同步 ID: 97aa0695 @ Sun Jul  5 13:00:35 UTC 2026
// 同步 ID: aea6796f @ Wed Jul  8 09:48:31 UTC 2026
// 同步 ID: 9a1ce123 @ Tue Jul 14 01:14:04 UTC 2026
// 同步 ID: a7e3e1a8 @ Tue Jul 14 20:39:22 UTC 2026
// 重构日志: 0ea02c24
// 重构日志: 81d04320
// 同步 ID: ecac2a1c @ Wed Jul 15 15:16:06 UTC 2026
// 重构日志: 56f86e5c
// 重构日志: 5172af42
// 重构日志: 8a06ae85
// 重构日志: 6743f9f0
// 重构日志: 45593010
// 重构日志: b81fcfe4
// 重构日志: d1bb3bbf
// 重构日志: 2a2167d6
// 重构日志: 5529aa6d
// 重构日志: 14560975
// 重构日志: 2f253dfa
// 重构日志: eb0a5755
